#
# There is insufficient memory for the Java Runtime Environment to continue.
# Native memory allocation (mmap) failed to map 266338304 bytes. Error detail: G1 virtual space
# Possible reasons:
#   The system is out of physical RAM or swap space
#   This process is running with CompressedOops enabled, and the Java Heap may be blocking the growth of the native heap
# Possible solutions:
#   Reduce memory load on the system
#   Increase physical memory or swap space
#   Check if swap backing store is full
#   Decrease Java heap size (-Xmx/-Xms)
#   Decrease number of Java threads
#   Decrease Java thread stack sizes (-Xss)
#   Set larger code cache with -XX:ReservedCodeCacheSize=
#   JVM is running with Zero Based Compressed Oops mode in which the Java heap is
#     placed in the first 32GB address space. The Java Heap base address is the
#     maximum limit for the native heap growth. Please use -XX:HeapBaseMinAddress
#     to set the Java Heap base and to place the Java Heap above 32GB virtual address.
# This output file may be truncated or incomplete.
#
#  Out of Memory Error (os_windows.cpp:3898), pid=11084, tid=21588
#
# JRE version:  (21.0.7) (build )
# Java VM: OpenJDK 64-Bit Server VM (21.0.7+-13880790-b1038.58, mixed mode, sharing, tiered, compressed oops, compressed class ptrs, g1 gc, windows-amd64)
# No core dump will be written. Minidumps are not enabled by default on client versions of Windows
#

---------------  S U M M A R Y ------------

Command Line: org.jetbrains.kotlin.cli.jvm.K2JVMCompiler @C:\File Coding\Kotlin Program\CNNTest\app\build\20251202_14032512573660476240.compiler.options

Host: 11th Gen Intel(R) Core(TM) i5-11300H @ 3.10GHz, 8 cores, 15G,  Windows 11 , 64 bit Build 26100 (10.0.26100.7309)
Time: Tue Dec  2 16:46:59 2025 SE Asia Standard Time elapsed time: 0.009136 seconds (0d 0h 0m 0s)

---------------  T H R E A D  ---------------

Current thread (0x000001fc85d3a420):  JavaThread "Unknown thread" [_thread_in_vm, id=21588, stack(0x000000bdb2800000,0x000000bdb2900000) (1024K)]

Stack: [0x000000bdb2800000,0x000000bdb2900000]
Native frames: (J=compiled Java code, j=interpreted, Vv=VM code, C=native code)
V  [jvm.dll+0x6d25c9]
V  [jvm.dll+0x860923]
V  [jvm.dll+0x862e7e]
V  [jvm.dll+0x863563]
V  [jvm.dll+0x27f156]
V  [jvm.dll+0x6ceee5]
V  [jvm.dll+0x6c29aa]
V  [jvm.dll+0x355ebb]
V  [jvm.dll+0x35db16]
V  [jvm.dll+0x3afb16]
V  [jvm.dll+0x3afde8]
V  [jvm.dll+0x32855c]
V  [jvm.dll+0x32924b]
V  [jvm.dll+0x828379]
V  [jvm.dll+0x3bcce8]
V  [jvm.dll+0x811628]
V  [jvm.dll+0x45121e]
V  [jvm.dll+0x452981]
C  [jli.dll+0x52ab]
C  [ucrtbase.dll+0x37b0]
C  [KERNEL32.DLL+0x2e8d7]
C  [ntdll.dll+0x8c53c]


---------------  P R O C E S S  ---------------

Threads class SMR info:
_java_thread_list=0x00007fffa4254888, length=0, elements={
}

Java Threads: ( => current thread )
Total: 0

Other Threads:
  0x000001fc85da1dc0 WorkerThread "GC Thread#0"                     [id=22364, stack(0x000000bdb2900000,0x000000bdb2a00000) (1024K)]
  0x000001fc85db2a30 ConcurrentGCThread "G1 Main Marker"            [id=6664, stack(0x000000bdb2a00000,0x000000bdb2b00000) (1024K)]
  0x000001fc85db3d40 WorkerThread "G1 Conc#0"                       [id=16928, stack(0x000000bdb2b00000,0x000000bdb2c00000) (1024K)]

[error occurred during error reporting (printing all threads), id 0xc0000005, EXCEPTION_ACCESS_VIOLATION (0xc0000005) at pc=0x00007fffa3a4b5b7]
VM state: not at safepoint (not fully initialized)

VM Mutex/Monitor currently owned by a thread:  ([mutex/lock_event])
[0x00007fffa42c1568] Heap_lock - owner thread: 0x000001fc85d3a420

Heap address: 0x0000000703600000, size: 4042 MB, Compressed Oops mode: Zero based, Oop shift amount: 3

CDS archive(s) mapped at: [0x0000000000000000-0x0000000000000000-0x0000000000000000), size 0, SharedBaseAddress: 0x0000000800000000, ArchiveRelocationMode: 1.
Narrow klass base: 0x0000000000000000, Narrow klass shift: 0, Narrow klass range: 0x0

GC Precious Log:
 CardTable entry size: 512
 Card Set container configuration: InlinePtr #cards 4 size 8 Array Of Cards #cards 16 size 48 Howl #buckets 8 coarsen threshold 3686 Howl Bitmap #cards 512 size 80 coarsen threshold 460 Card regions per heap region 1 cards per card region 4096

Heap:
 garbage-first heap   total 0K, used 0K [0x0000000703600000, 0x0000000800000000)
  region size 2048K, 0 young (0K), 0 survivors (0K)
 Metaspace       used 0K, committed 0K, reserved 0K
  class space    used 0K, committed 0K, reserved 0K

Heap Regions: E=young(eden), S=young(survivor), O=old, HS=humongous(starts), HC=humongous(continues), CS=collection set, F=free, TAMS=top-at-mark-start, PB=parsable bottom

Card table byte_map: [0x000001fc989c0000,0x000001fc991b0000] _byte_map_base: 0x000001fc951a5000

Marking Bits: (CMBitMap*) 0x000001fc85da24c0
 Bits: [0x000001fc991b0000, 0x000001fc9d0d8000)

GC Heap History (0 events):
No events

Dll operation events (1 events):
Event: 0.005 Loaded shared library C:\Program Files\Android\Android Studio1\jbr\bin\java.dll

Deoptimization events (0 events):
No events

Classes loaded (0 events):
No events

Classes unloaded (0 events):
No events

Classes redefined (0 events):
No events

Internal exceptions (0 events):
No events

ZGC Phase Switch (0 events):
No events

VM Operations (0 events):
No events

Memory protections (0 events):
No events

Nmethod flushes (0 events):
No events

Events (0 events):
No events


Dynamic libraries:
0x00007ff631e50000 - 0x00007ff631e5a000 	C:\Program Files\Android\Android Studio1\jbr\bin\java.exe
0x00007ff8791c0000 - 0x00007ff879427000 	C:\WINDOWS\SYSTEM32\ntdll.dll
0x00007ff878140000 - 0x00007ff878209000 	C:\WINDOWS\System32\KERNEL32.DLL
0x00007ff876570000 - 0x00007ff87695f000 	C:\WINDOWS\System32\KERNELBASE.dll
0x00007ff876ce0000 - 0x00007ff876e2b000 	C:\WINDOWS\System32\ucrtbase.dll
0x00007ff85e710000 - 0x00007ff85e728000 	C:\Program Files\Android\Android Studio1\jbr\bin\jli.dll
0x00007ff85b920000 - 0x00007ff85b93b000 	C:\Program Files\Android\Android Studio1\jbr\bin\VCRUNTIME140.dll
0x00007ff877460000 - 0x00007ff877625000 	C:\WINDOWS\System32\USER32.dll
0x00007ff85afe0000 - 0x00007ff85b273000 	C:\WINDOWS\WinSxS\amd64_microsoft.windows.common-controls_6595b64144ccf1df_6.0.26100.7309_none_3e05feeae336a044\COMCTL32.dll
0x00007ff876490000 - 0x00007ff8764b7000 	C:\WINDOWS\System32\win32u.dll
0x00007ff878c30000 - 0x00007ff878cd9000 	C:\WINDOWS\System32\msvcrt.dll
0x00007ff878390000 - 0x00007ff8783bb000 	C:\WINDOWS\System32\GDI32.dll
0x00007ff876e30000 - 0x00007ff876f5c000 	C:\WINDOWS\System32\gdi32full.dll
0x00007ff8764c0000 - 0x00007ff876563000 	C:\WINDOWS\System32\msvcp_win.dll
0x00007ff877fb0000 - 0x00007ff877fe1000 	C:\WINDOWS\System32\IMM32.DLL
0x00007ff863a60000 - 0x00007ff863a6c000 	C:\Program Files\Android\Android Studio1\jbr\bin\vcruntime140_1.dll
0x00007ff858df0000 - 0x00007ff858e7d000 	C:\Program Files\Android\Android Studio1\jbr\bin\msvcp140.dll
0x00007fffa3710000 - 0x00007fffa439e000 	C:\Program Files\Android\Android Studio1\jbr\bin\server\jvm.dll
0x00007ff877ff0000 - 0x00007ff8780a4000 	C:\WINDOWS\System32\ADVAPI32.dll
0x00007ff878b20000 - 0x00007ff878bc6000 	C:\WINDOWS\System32\sechost.dll
0x00007ff877bf0000 - 0x00007ff877d08000 	C:\WINDOWS\System32\RPCRT4.dll
0x00007ff8790b0000 - 0x00007ff879124000 	C:\WINDOWS\System32\WS2_32.dll
0x00007ff876170000 - 0x00007ff8761ce000 	C:\WINDOWS\SYSTEM32\POWRPROF.dll
0x00007ff86cb50000 - 0x00007ff86cb85000 	C:\WINDOWS\SYSTEM32\WINMM.dll
0x00007ff863cb0000 - 0x00007ff863cbb000 	C:\WINDOWS\SYSTEM32\VERSION.dll
0x00007ff876150000 - 0x00007ff876164000 	C:\WINDOWS\SYSTEM32\UMPDC.dll
0x00007ff8750c0000 - 0x00007ff8750db000 	C:\WINDOWS\SYSTEM32\kernel.appcore.dll
0x00007ff85e680000 - 0x00007ff85e68a000 	C:\Program Files\Android\Android Studio1\jbr\bin\jimage.dll
0x00007ff8730b0000 - 0x00007ff8732f2000 	C:\WINDOWS\SYSTEM32\DBGHELP.DLL
0x00007ff877860000 - 0x00007ff877be6000 	C:\WINDOWS\System32\combase.dll
0x00007ff878d40000 - 0x00007ff878e16000 	C:\WINDOWS\System32\OLEAUT32.dll
0x00007ff85a760000 - 0x00007ff85a79c000 	C:\WINDOWS\SYSTEM32\dbgcore.DLL
0x00007ff876ae0000 - 0x00007ff876b85000 	C:\WINDOWS\System32\bcryptPrimitives.dll
0x00007ff859000000 - 0x00007ff859020000 	C:\Program Files\Android\Android Studio1\jbr\bin\java.dll

dbghelp: loaded successfully - version: 4.0.5 - missing functions: none
symbol engine: initialized successfully - sym options: 0x614 - pdb path: .;C:\Program Files\Android\Android Studio1\jbr\bin;C:\WINDOWS\SYSTEM32;C:\WINDOWS\WinSxS\amd64_microsoft.windows.common-controls_6595b64144ccf1df_6.0.26100.7309_none_3e05feeae336a044;C:\Program Files\Android\Android Studio1\jbr\bin\server

VM Arguments:
java_command: org.jetbrains.kotlin.cli.jvm.K2JVMCompiler @C:\File Coding\Kotlin Program\CNNTest\app\build\20251202_14032512573660476240.compiler.options
java_class_path (initial): C:\Users\kevin\.gradle\caches\modules-2\files-2.1\org.jetbrains.kotlin\kotlin-compiler-embeddable\2.2.21\b13aed5cf8412f9ee9d1e4db21bdcfebcc24f606\kotlin-compiler-embeddable-2.2.21.jar;C:\Users\kevin\.gradle\caches\modules-2\files-2.1\org.jetbrains.kotlin\kotlin-stdlib\2.2.21\fa374a986e128314c3db00a20aae55f72a258511\kotlin-stdlib-2.2.21.jar;C:\Users\kevin\.gradle\caches\modules-2\files-2.1\org.jetbrains.kotlin\kotlin-script-runtime\2.2.21\e9b021c4e335e4ed7a7e3b32285249ae6bb3a6c8\kotlin-script-runtime-2.2.21.jar;C:\Users\kevin\.gradle\caches\modules-2\files-2.1\org.jetbrains.kotlin\kotlin-reflect\1.6.10\1cbe9c92c12a94eea200d23c2bbaedaf3daf5132\kotlin-reflect-1.6.10.jar;C:\Users\kevin\.gradle\caches\modules-2\files-2.1\org.jetbrains.kotlin\kotlin-daemon-embeddable\2.2.21\78fde5db1c92786448170b351d8f8868acabd2ce\kotlin-daemon-embeddable-2.2.21.jar;C:\Users\kevin\.gradle\caches\modules-2\files-2.1\org.jetbrains.kotlinx\kotlinx-coroutines-core-jvm\1.8.0\ac1dc37a30a93150b704022f8d895ee1bd3a36b3\kotlinx-coroutines-core-jvm-1.8.0.jar;C:\Users\kevin\.gradle\caches\modules-2\files-2.1\org.jetbrains\annotations\13.0\919f0dfe192fb4e063e7dacadee7f8bb9a2672a9\annotations-13.0.jar
Launcher Type: SUN_STANDARD

[Global flags]
     intx CICompilerCount                          = 4                                         {product} {ergonomic}
     uint ConcGCThreads                            = 2                                         {product} {ergonomic}
     uint G1ConcRefinementThreads                  = 8                                         {product} {ergonomic}
   size_t G1HeapRegionSize                         = 2097152                                   {product} {ergonomic}
    uintx GCDrainStackTargetSize                   = 64                                        {product} {ergonomic}
   size_t InitialHeapSize                          = 266338304                                 {product} {ergonomic}
   size_t MarkStackSize                            = 4194304                                   {product} {ergonomic}
   size_t MaxHeapSize                              = 4238344192                                {product} {ergonomic}
   size_t MinHeapDeltaBytes                        = 2097152                                   {product} {ergonomic}
   size_t MinHeapSize                              = 8388608                                   {product} {ergonomic}
    uintx NonNMethodCodeHeapSize                   = 5839372                                {pd product} {ergonomic}
    uintx NonProfiledCodeHeapSize                  = 122909434                              {pd product} {ergonomic}
    uintx ProfiledCodeHeapSize                     = 122909434                              {pd product} {ergonomic}
    uintx ReservedCodeCacheSize                    = 251658240                              {pd product} {ergonomic}
     bool SegmentedCodeCache                       = true                                      {product} {ergonomic}
   size_t SoftMaxHeapSize                          = 4238344192                             {manageable} {ergonomic}
     bool UseCompressedOops                        = true                           {product lp64_product} {ergonomic}
     bool UseG1GC                                  = true                                      {product} {ergonomic}
     bool UseLargePagesIndividualAllocation        = false                                  {pd product} {ergonomic}

Logging:
Log output configuration:
 #0: stdout all=warning uptime,level,tags foldmultilines=false
 #1: stderr all=off uptime,level,tags foldmultilines=false

Environment Variables:
JAVA_HOME=C:\Program Files\Java\jdk-17
PATH=C:\Program Files\Java\jdk-17;C:\Program Files\Common Files\Oracle\Java\javapath;C:\Program Files (x86)\Common Files\Oracle\Java\java8path;C:\Program Files (x86)\Common Files\Oracle\Java\javapath;C:\Program Files\Zulu\zulu-8\bin\;C:\Program Files (x86)\VMware\VMware Player\bin\;C:\Windows\system32;C:\Windows;C:\Windows\System32\Wbem;C:\Windows\System32\WindowsPowerShell\v1.0\;C:\Windows\System32\OpenSSH\;C:\Program Files (x86)\NVIDIA Corporation\PhysX\Common;C:\Program Files\Microsoft SQL Server\150\Tools\Binn\;C:\MinGW\bin;C:\WINDOWS\system32;C:\WINDOWS;C:\WINDOWS\System32\Wbem;C:\WINDOWS\System32\WindowsPowerShell\v1.0\;C:\WINDOWS\System32\OpenSSH\;C:\Program Files\nodejs\;C:\Gradle\bin;C:\Program Files\Git\cmd;;C:\Program Files\NVIDIA Corporation\NVIDIA app\NvDLISR;C:\Program Files\dotnet\;C:\Users\kevin\AppData\Local\Programs\Python\Python310\Scripts\;C:\Users\kevin\AppData\Local\Programs\Python\Python310\;C:\Users\kevin\AppData\Local\Microsoft\WindowsApps;C:\Program Files\Java\jdk-18.0.2.1\bin;C:\Users\kevin\AppData\Local\Programs\Microsoft VS Code\bin;C:\Users\kevin\AppData\Roaming\npm;C:\Program Files\JetBrains\IntelliJ IDEA Community Edition 2024.2.1\bin;;
USERNAME=kevin
OS=Windows_NT
PROCESSOR_IDENTIFIER=Intel64 Family 6 Model 140 Stepping 1, GenuineIntel
TMP=C:\Users\kevin\AppData\Local\Temp
TEMP=C:\Users\kevin\AppData\Local\Temp




Periodic native trim disabled

JNI global refs:
JNI global refs: 0, weak refs: 0

JNI global refs memory usage: 0, weak refs: 0

Process memory usage:
Resident Set Size: 12960K (0% of 16555320K total physical memory with 2038360K free physical memory)

OOME stack traces (most recent first):
Classloader memory used:

---------------  S Y S T E M  ---------------

OS:
 Windows 11 , 64 bit Build 26100 (10.0.26100.7309)
OS uptime: 0 days 3:01 hours

CPU: total 8 (initial active 8) (4 cores per cpu, 2 threads per core) family 6 model 140 stepping 1 microcode 0x86, cx8, cmov, fxsr, ht, mmx, 3dnowpref, sse, sse2, sse3, ssse3, sse4.1, sse4.2, popcnt, lzcnt, tsc, tscinvbit, avx, avx2, aes, erms, clmul, bmi1, bmi2, adx, avx512f, avx512dq, avx512cd, avx512bw, avx512vl, sha, fma, vzeroupper, avx512_vpopcntdq, avx512_vpclmulqdq, avx512_vaes, avx512_vnni, clflush, clflushopt, clwb, avx512_vbmi2, avx512_vbmi, rdtscp, rdpid, fsrm, gfni, avx512_bitalg, f16c, pku, cet_ibt, cet_ss, avx512_ifma
Processor Information for processor 0
  Max Mhz: 3110, Current Mhz: 3110, Mhz Limit: 3110
Processor Information for processor 1
  Max Mhz: 3110, Current Mhz: 3110, Mhz Limit: 3110
Processor Information for processor 2
  Max Mhz: 3110, Current Mhz: 1203, Mhz Limit: 3110
Processor Information for processor 3
  Max Mhz: 3110, Current Mhz: 3110, Mhz Limit: 3110
Processor Information for processor 4
  Max Mhz: 3110, Current Mhz: 3110, Mhz Limit: 3110
Processor Information for processor 5
  Max Mhz: 3110, Current Mhz: 1203, Mhz Limit: 3110
Processor Information for processor 6
  Max Mhz: 3110, Current Mhz: 3110, Mhz Limit: 3110
Processor Information for processor 7
  Max Mhz: 3110, Current Mhz: 3110, Mhz Limit: 3110

Memory: 4k page, system-wide physical 16167M (1990M free)
TotalPageFile size 20190M (AvailPageFile size 83M)
current process WorkingSet (physical memory assigned to process): 12M, peak: 12M
current process commit charge ("private bytes"): 60M, peak: 314M

vm_info: OpenJDK 64-Bit Server VM (21.0.7+-13880790-b1038.58) for windows-amd64 JRE (21.0.7+-13880790-b1038.58), built on 2025-08-04T20:56:21Z by "builder" with MS VC++ 16.10 / 16.11 (VS2019)

END.
